{"/home/travis/build/npmtest/node-npmtest-multilabelsvm/test.js":{"path":"/home/travis/build/npmtest/node-npmtest-multilabelsvm/test.js","s":{"1":2,"2":2,"3":2,"4":2,"5":2,"6":2,"7":2,"8":1,"9":2,"10":2,"11":1,"12":1,"13":1,"14":1,"15":2,"16":2,"17":2,"18":2,"19":1,"20":1,"21":2,"22":2,"23":2,"24":1,"25":1,"26":1,"27":1,"28":1,"29":1,"30":1,"31":1,"32":1,"33":1,"34":1,"35":1,"36":1,"37":1,"38":1,"39":2,"40":2,"41":1,"42":2,"43":2,"44":1,"45":2,"46":2,"47":1,"48":2,"49":2,"50":1,"51":1,"52":1,"53":1,"54":1},"b":{"1":[2,1,1,1],"2":[1,1,1,1],"3":[1,1],"4":[1,1],"5":[1,1],"6":[1,1],"7":[1,1],"8":[1,1],"9":[1,1],"10":[1,1,1],"11":[1,1],"12":[1,1],"13":[1,1],"14":[1,1],"15":[1,1],"16":[1,1],"17":[1,1]},"f":{"1":2,"2":2,"3":2,"4":2,"5":2,"6":1,"7":1,"8":1,"9":2,"10":2,"11":2,"12":2,"13":1},"fnMap":{"1":{"name":"(anonymous_1)","line":12,"loc":{"start":{"line":12,"column":1},"end":{"line":12,"column":13}}},"2":{"name":"(anonymous_2)","line":19,"loc":{"start":{"line":19,"column":5},"end":{"line":19,"column":17}}},"3":{"name":"(anonymous_3)","line":23,"loc":{"start":{"line":23,"column":24},"end":{"line":23,"column":36}}},"4":{"name":"(anonymous_4)","line":61,"loc":{"start":{"line":61,"column":5},"end":{"line":61,"column":17}}},"5":{"name":"(anonymous_5)","line":82,"loc":{"start":{"line":82,"column":5},"end":{"line":82,"column":17}}},"6":{"name":"(anonymous_6)","line":91,"loc":{"start":{"line":91,"column":77},"end":{"line":94,"column":10}}},"7":{"name":"(anonymous_7)","line":112,"loc":{"start":{"line":112,"column":83},"end":{"line":115,"column":10}},"skip":true},"8":{"name":"(anonymous_8)","line":123,"loc":{"start":{"line":123,"column":77},"end":{"line":126,"column":10}},"skip":true},"9":{"name":"(anonymous_9)","line":139,"loc":{"start":{"line":139,"column":12},"end":{"line":139,"column":40}},"skip":true},"10":{"name":"(anonymous_10)","line":147,"loc":{"start":{"line":147,"column":77},"end":{"line":150,"column":10}},"skip":true},"11":{"name":"(anonymous_11)","line":158,"loc":{"start":{"line":158,"column":83},"end":{"line":161,"column":10}},"skip":true},"12":{"name":"(anonymous_12)","line":169,"loc":{"start":{"line":169,"column":79},"end":{"line":172,"column":10}},"skip":true},"13":{"name":"(anonymous_13)","line":180,"loc":{"start":{"line":180,"column":75},"end":{"line":183,"column":10}},"skip":true}},"statementMap":{"1":{"start":{"line":12,"column":0},"end":{"line":195,"column":5}},"2":{"start":{"line":14,"column":4},"end":{"line":14,"column":14}},"3":{"start":{"line":19,"column":4},"end":{"line":56,"column":9}},"4":{"start":{"line":21,"column":8},"end":{"line":21,"column":19}},"5":{"start":{"line":23,"column":8},"end":{"line":35,"column":13}},"6":{"start":{"line":24,"column":12},"end":{"line":34,"column":13}},"7":{"start":{"line":25,"column":16},"end":{"line":28,"column":30}},"8":{"start":{"line":30,"column":16},"end":{"line":33,"column":27}},"9":{"start":{"line":37,"column":8},"end":{"line":39,"column":21}},"10":{"start":{"line":40,"column":8},"end":{"line":53,"column":9}},"11":{"start":{"line":43,"column":12},"end":{"line":46,"column":14}},"12":{"start":{"line":47,"column":12},"end":{"line":47,"column":18}},"13":{"start":{"line":50,"column":12},"end":{"line":51,"column":33}},"14":{"start":{"line":52,"column":12},"end":{"line":52,"column":18}},"15":{"start":{"line":55,"column":8},"end":{"line":55,"column":35}},"16":{"start":{"line":61,"column":4},"end":{"line":63,"column":9}},"17":{"start":{"line":62,"column":8},"end":{"line":62,"column":15}},"18":{"start":{"line":64,"column":4},"end":{"line":77,"column":5}},"19":{"start":{"line":70,"column":8},"end":{"line":70,"column":14}},"20":{"start":{"line":76,"column":8},"end":{"line":76,"column":14}},"21":{"start":{"line":82,"column":4},"end":{"line":84,"column":9}},"22":{"start":{"line":83,"column":8},"end":{"line":83,"column":15}},"23":{"start":{"line":85,"column":4},"end":{"line":194,"column":5}},"24":{"start":{"line":91,"column":8},"end":{"line":99,"column":10}},"25":{"start":{"line":98,"column":12},"end":{"line":98,"column":35}},"26":{"start":{"line":102,"column":8},"end":{"line":104,"column":63}},"27":{"start":{"line":105,"column":8},"end":{"line":105,"column":14}},"28":{"start":{"line":112,"column":8},"end":{"line":121,"column":10},"skip":true},"29":{"start":{"line":119,"column":12},"end":{"line":119,"column":55},"skip":true},"30":{"start":{"line":120,"column":12},"end":{"line":120,"column":48},"skip":true},"31":{"start":{"line":123,"column":8},"end":{"line":136,"column":10},"skip":true},"32":{"start":{"line":130,"column":12},"end":{"line":130,"column":76},"skip":true},"33":{"start":{"line":131,"column":12},"end":{"line":131,"column":73},"skip":true},"34":{"start":{"line":132,"column":12},"end":{"line":132,"column":74},"skip":true},"35":{"start":{"line":133,"column":12},"end":{"line":133,"column":79},"skip":true},"36":{"start":{"line":134,"column":12},"end":{"line":134,"column":25},"skip":true},"37":{"start":{"line":135,"column":12},"end":{"line":135,"column":45},"skip":true},"38":{"start":{"line":138,"column":8},"end":{"line":145,"column":14},"skip":true},"39":{"start":{"line":143,"column":16},"end":{"line":143,"column":29},"skip":true},"40":{"start":{"line":144,"column":16},"end":{"line":144,"column":55},"skip":true},"41":{"start":{"line":147,"column":8},"end":{"line":156,"column":10},"skip":true},"42":{"start":{"line":154,"column":12},"end":{"line":154,"column":25},"skip":true},"43":{"start":{"line":155,"column":12},"end":{"line":155,"column":45},"skip":true},"44":{"start":{"line":158,"column":8},"end":{"line":167,"column":10},"skip":true},"45":{"start":{"line":165,"column":12},"end":{"line":165,"column":25},"skip":true},"46":{"start":{"line":166,"column":12},"end":{"line":166,"column":48},"skip":true},"47":{"start":{"line":169,"column":8},"end":{"line":178,"column":10},"skip":true},"48":{"start":{"line":176,"column":12},"end":{"line":176,"column":25},"skip":true},"49":{"start":{"line":177,"column":12},"end":{"line":177,"column":46},"skip":true},"50":{"start":{"line":180,"column":8},"end":{"line":189,"column":10},"skip":true},"51":{"start":{"line":187,"column":12},"end":{"line":187,"column":94},"skip":true},"52":{"start":{"line":188,"column":12},"end":{"line":188,"column":48},"skip":true},"53":{"start":{"line":192,"column":8},"end":{"line":192,"column":35},"skip":true},"54":{"start":{"line":193,"column":8},"end":{"line":193,"column":14},"skip":true}},"branchMap":{"1":{"line":25,"type":"binary-expr","locations":[{"start":{"line":25,"column":23},"end":{"line":25,"column":62}},{"start":{"line":26,"column":20},"end":{"line":26,"column":70}},{"start":{"line":27,"column":20},"end":{"line":27,"column":71}},{"start":{"line":28,"column":20},"end":{"line":28,"column":29}}]},"2":{"line":30,"type":"binary-expr","locations":[{"start":{"line":30,"column":23},"end":{"line":30,"column":37}},{"start":{"line":31,"column":20},"end":{"line":31,"column":61}},{"start":{"line":32,"column":20},"end":{"line":32,"column":70}},{"start":{"line":33,"column":20},"end":{"line":33,"column":26}}]},"3":{"line":37,"type":"cond-expr","locations":[{"start":{"line":38,"column":14},"end":{"line":38,"column":20}},{"start":{"line":39,"column":14},"end":{"line":39,"column":20}}]},"4":{"line":40,"type":"switch","locations":[{"start":{"line":42,"column":8},"end":{"line":47,"column":18}},{"start":{"line":49,"column":8},"end":{"line":52,"column":18}}]},"5":{"line":44,"type":"binary-expr","locations":[{"start":{"line":44,"column":16},"end":{"line":44,"column":44}},{"start":{"line":44,"column":48},"end":{"line":44,"column":66}}]},"6":{"line":50,"type":"binary-expr","locations":[{"start":{"line":50,"column":21},"end":{"line":50,"column":49}},{"start":{"line":50,"column":53},"end":{"line":50,"column":72}}]},"7":{"line":64,"type":"switch","locations":[{"start":{"line":69,"column":4},"end":{"line":70,"column":14}},{"start":{"line":75,"column":4},"end":{"line":76,"column":14}}]},"8":{"line":85,"type":"switch","locations":[{"start":{"line":90,"column":4},"end":{"line":105,"column":14}},{"start":{"line":111,"column":4},"end":{"line":193,"column":14},"skip":true}]},"9":{"line":91,"type":"binary-expr","locations":[{"start":{"line":91,"column":42},"end":{"line":91,"column":73}},{"start":{"line":91,"column":77},"end":{"line":99,"column":9}}]},"10":{"line":102,"type":"binary-expr","locations":[{"start":{"line":102,"column":18},"end":{"line":102,"column":32}},{"start":{"line":103,"column":12},"end":{"line":103,"column":53}},{"start":{"line":104,"column":12},"end":{"line":104,"column":61}}]},"11":{"line":112,"type":"binary-expr","locations":[{"start":{"line":112,"column":45},"end":{"line":112,"column":79},"skip":true},{"start":{"line":112,"column":83},"end":{"line":121,"column":9},"skip":true}]},"12":{"line":123,"type":"binary-expr","locations":[{"start":{"line":123,"column":42},"end":{"line":123,"column":73},"skip":true},{"start":{"line":123,"column":77},"end":{"line":136,"column":9},"skip":true}]},"13":{"line":138,"type":"binary-expr","locations":[{"start":{"line":138,"column":48},"end":{"line":138,"column":85},"skip":true},{"start":{"line":139,"column":12},"end":{"line":145,"column":13},"skip":true}]},"14":{"line":147,"type":"binary-expr","locations":[{"start":{"line":147,"column":42},"end":{"line":147,"column":73},"skip":true},{"start":{"line":147,"column":77},"end":{"line":156,"column":9},"skip":true}]},"15":{"line":158,"type":"binary-expr","locations":[{"start":{"line":158,"column":45},"end":{"line":158,"column":79},"skip":true},{"start":{"line":158,"column":83},"end":{"line":167,"column":9},"skip":true}]},"16":{"line":169,"type":"binary-expr","locations":[{"start":{"line":169,"column":43},"end":{"line":169,"column":75},"skip":true},{"start":{"line":169,"column":79},"end":{"line":178,"column":9},"skip":true}]},"17":{"line":180,"type":"binary-expr","locations":[{"start":{"line":180,"column":41},"end":{"line":180,"column":71},"skip":true},{"start":{"line":180,"column":75},"end":{"line":189,"column":9},"skip":true}]}},"code":["/* istanbul instrument in package npmtest_multilabelsvm */","/*jslint","    bitwise: true,","    browser: true,","    maxerr: 8,","    maxlen: 96,","    node: true,","    nomen: true,","    regexp: true,","    stupid: true","*/","(function () {","    'use strict';","    var local;","","","","    // run shared js-env code - init-before","    (function () {","        // init local","        local = {};","        // init modeJs","        local.modeJs = (function () {","            try {","                return typeof navigator.userAgent === 'string' &&","                    typeof document.querySelector('body') === 'object' &&","                    typeof XMLHttpRequest.prototype.open === 'function' &&","                    'browser';","            } catch (errorCaughtBrowser) {","                return module.exports &&","                    typeof process.versions.node === 'string' &&","                    typeof require('http').createServer === 'function' &&","                    'node';","            }","        }());","        // init global","        local.global = local.modeJs === 'browser'","            ? window","            : global;","        switch (local.modeJs) {","        // re-init local from window.local","        case 'browser':","            local = local.global.utility2.objectSetDefault(","                local.global.utility2_rollup || local.global.local,","                local.global.utility2","            );","            break;","        // re-init local from example.js","        case 'node':","            local = (local.global.utility2_rollup || require('utility2'))","                .requireReadme();","            break;","        }","        // export local","        local.global.local = local;","    }());","","","","    // run shared js-env code - function","    (function () {","        return;","    }());","    switch (local.modeJs) {","","","","    // run browser js-env code - function","    case 'browser':","        break;","","","","    // run node js-env code - function","    case 'node':","        break;","    }","","","","    // run shared js-env code - init-after","    (function () {","        return;","    }());","    switch (local.modeJs) {","","","","    // run browser js-env code - init-after","    case 'browser':","        local.testCase_browser_nullCase = local.testCase_browser_nullCase || function (","            options,","            onError","        ) {","        /*","         * this function will test browsers's null-case handling-behavior-behavior","         */","            onError(null, options);","        };","","        // run tests","        local.nop(local.modeTest &&","            document.querySelector('#testRunButton1') &&","            document.querySelector('#testRunButton1').click());","        break;","","","","    // run node js-env code - init-after","    /* istanbul ignore next */","    case 'node':","        local.testCase_buildApidoc_default = local.testCase_buildApidoc_default || function (","            options,","            onError","        ) {","        /*","         * this function will test buildApidoc's default handling-behavior-behavior","         */","            options = { modulePathList: module.paths };","            local.buildApidoc(options, onError);","        };","","        local.testCase_buildApp_default = local.testCase_buildApp_default || function (","            options,","            onError","        ) {","        /*","         * this function will test buildApp's default handling-behavior-behavior","         */","            local.testCase_buildReadme_default(options, local.onErrorThrow);","            local.testCase_buildLib_default(options, local.onErrorThrow);","            local.testCase_buildTest_default(options, local.onErrorThrow);","            local.testCase_buildCustomOrg_default(options, local.onErrorThrow);","            options = [];","            local.buildApp(options, onError);","        };","","        local.testCase_buildCustomOrg_default = local.testCase_buildCustomOrg_default ||","            function (options, onError) {","            /*","             * this function will test buildCustomOrg's default handling-behavior","             */","                options = {};","                local.buildCustomOrg(options, onError);","            };","","        local.testCase_buildLib_default = local.testCase_buildLib_default || function (","            options,","            onError","        ) {","        /*","         * this function will test buildLib's default handling-behavior","         */","            options = {};","            local.buildLib(options, onError);","        };","","        local.testCase_buildReadme_default = local.testCase_buildReadme_default || function (","            options,","            onError","        ) {","        /*","         * this function will test buildReadme's default handling-behavior-behavior","         */","            options = {};","            local.buildReadme(options, onError);","        };","","        local.testCase_buildTest_default = local.testCase_buildTest_default || function (","            options,","            onError","        ) {","        /*","         * this function will test buildTest's default handling-behavior","         */","            options = {};","            local.buildTest(options, onError);","        };","","        local.testCase_webpage_default = local.testCase_webpage_default || function (","            options,","            onError","        ) {","        /*","         * this function will test webpage's default handling-behavior","         */","            options = { modeCoverageMerge: true, url: local.serverLocalHost + '?modeTest=1' };","            local.browserTest(options, onError);","        };","","        // run test-server","        local.testRunServer(local);","        break;","    }","}());",""],"l":{"12":2,"14":2,"19":2,"21":2,"23":2,"24":2,"25":2,"30":1,"37":2,"40":2,"43":1,"47":1,"50":1,"52":1,"55":2,"61":2,"62":2,"64":2,"70":1,"76":1,"82":2,"83":2,"85":2,"91":1,"98":1,"102":1,"105":1,"112":1,"119":1,"120":1,"123":1,"130":1,"131":1,"132":1,"133":1,"134":1,"135":1,"138":1,"143":2,"144":2,"147":1,"154":2,"155":2,"158":1,"165":2,"166":2,"169":1,"176":2,"177":2,"180":1,"187":1,"188":1,"192":1,"193":1}},"/home/travis/build/npmtest/node-npmtest-multilabelsvm/lib.npmtest_multilabelsvm.js":{"path":"/home/travis/build/npmtest/node-npmtest-multilabelsvm/lib.npmtest_multilabelsvm.js","s":{"1":2,"2":2,"3":2,"4":2,"5":2,"6":2,"7":2,"8":1,"9":2,"10":2,"11":2,"12":2,"13":1,"14":1,"15":1,"16":1},"b":{"1":[2,1,1,1],"2":[1,1,1,1],"3":[1,1],"4":[2,2],"5":[1,1]},"f":{"1":2,"2":2,"3":2},"fnMap":{"1":{"name":"(anonymous_1)","line":12,"loc":{"start":{"line":12,"column":1},"end":{"line":12,"column":13}}},"2":{"name":"(anonymous_2)","line":19,"loc":{"start":{"line":19,"column":5},"end":{"line":19,"column":17}}},"3":{"name":"(anonymous_3)","line":23,"loc":{"start":{"line":23,"column":24},"end":{"line":23,"column":36}}}},"statementMap":{"1":{"start":{"line":12,"column":0},"end":{"line":53,"column":5}},"2":{"start":{"line":14,"column":4},"end":{"line":14,"column":14}},"3":{"start":{"line":19,"column":4},"end":{"line":52,"column":9}},"4":{"start":{"line":21,"column":8},"end":{"line":21,"column":19}},"5":{"start":{"line":23,"column":8},"end":{"line":35,"column":13}},"6":{"start":{"line":24,"column":12},"end":{"line":34,"column":13}},"7":{"start":{"line":25,"column":16},"end":{"line":28,"column":30}},"8":{"start":{"line":30,"column":16},"end":{"line":33,"column":27}},"9":{"start":{"line":37,"column":8},"end":{"line":39,"column":21}},"10":{"start":{"line":41,"column":8},"end":{"line":41,"column":54}},"11":{"start":{"line":43,"column":8},"end":{"line":43,"column":58}},"12":{"start":{"line":45,"column":8},"end":{"line":51,"column":9}},"13":{"start":{"line":46,"column":12},"end":{"line":46,"column":64}},"14":{"start":{"line":48,"column":12},"end":{"line":48,"column":35}},"15":{"start":{"line":49,"column":12},"end":{"line":49,"column":49}},"16":{"start":{"line":50,"column":12},"end":{"line":50,"column":43}}},"branchMap":{"1":{"line":25,"type":"binary-expr","locations":[{"start":{"line":25,"column":23},"end":{"line":25,"column":62}},{"start":{"line":26,"column":20},"end":{"line":26,"column":70}},{"start":{"line":27,"column":20},"end":{"line":27,"column":71}},{"start":{"line":28,"column":20},"end":{"line":28,"column":29}}]},"2":{"line":30,"type":"binary-expr","locations":[{"start":{"line":30,"column":23},"end":{"line":30,"column":37}},{"start":{"line":31,"column":20},"end":{"line":31,"column":61}},{"start":{"line":32,"column":20},"end":{"line":32,"column":70}},{"start":{"line":33,"column":20},"end":{"line":33,"column":26}}]},"3":{"line":37,"type":"cond-expr","locations":[{"start":{"line":38,"column":14},"end":{"line":38,"column":20}},{"start":{"line":39,"column":14},"end":{"line":39,"column":20}}]},"4":{"line":41,"type":"binary-expr","locations":[{"start":{"line":41,"column":16},"end":{"line":41,"column":44}},{"start":{"line":41,"column":48},"end":{"line":41,"column":53}}]},"5":{"line":45,"type":"if","locations":[{"start":{"line":45,"column":8},"end":{"line":45,"column":8}},{"start":{"line":45,"column":8},"end":{"line":45,"column":8}}]}},"code":["/* istanbul instrument in package npmtest_multilabelsvm */","/*jslint","    bitwise: true,","    browser: true,","    maxerr: 8,","    maxlen: 96,","    node: true,","    nomen: true,","    regexp: true,","    stupid: true","*/","(function () {","    'use strict';","    var local;","","","","    // run shared js-env code - init-before","    (function () {","        // init local","        local = {};","        // init modeJs","        local.modeJs = (function () {","            try {","                return typeof navigator.userAgent === 'string' &&","                    typeof document.querySelector('body') === 'object' &&","                    typeof XMLHttpRequest.prototype.open === 'function' &&","                    'browser';","            } catch (errorCaughtBrowser) {","                return module.exports &&","                    typeof process.versions.node === 'string' &&","                    typeof require('http').createServer === 'function' &&","                    'node';","            }","        }());","        // init global","        local.global = local.modeJs === 'browser'","            ? window","            : global;","        // init utility2_rollup","        local = local.global.utility2_rollup || local;","        // init lib","        local.local = local.npmtest_multilabelsvm = local;","        // init exports","        if (local.modeJs === 'browser') {","            local.global.utility2_npmtest_multilabelsvm = local;","        } else {","            module.exports = local;","            module.exports.__dirname = __dirname;","            module.exports.module = module;","        }","    }());","}());",""],"l":{"12":2,"14":2,"19":2,"21":2,"23":2,"24":2,"25":2,"30":1,"37":2,"41":2,"43":2,"45":2,"46":1,"48":1,"49":1,"50":1}},"/home/travis/build/npmtest/node-npmtest-multilabelsvm/example.js":{"path":"/home/travis/build/npmtest/node-npmtest-multilabelsvm/example.js","s":{"1":2,"2":2,"3":2,"4":2,"5":2,"6":2,"7":2,"8":1,"9":2,"10":2,"11":2,"12":2,"13":1,"14":2,"15":2,"16":2,"17":2,"18":2,"19":0,"20":2,"21":1,"22":1,"23":1,"24":1,"25":1,"26":0,"27":0,"28":1,"29":1,"30":2,"31":0,"32":0,"33":0,"34":1,"35":2,"36":2,"37":3,"38":3,"39":3,"40":3,"41":0,"42":3,"43":3,"44":3,"45":1,"46":3,"47":1,"48":1,"49":1,"50":1,"51":1,"52":1,"53":1,"54":1,"55":1,"56":1,"57":0,"58":1,"59":6,"60":6,"61":1,"62":2,"63":0,"64":2,"65":1,"66":1,"67":0,"68":0,"69":0,"70":0,"71":0,"72":0,"73":0,"74":0,"75":0,"76":0,"77":0,"78":0,"79":0,"80":0,"81":0,"82":0,"83":0},"b":{"1":[2,1,1,1],"2":[1,1,1,1],"3":[1,1],"4":[2,2],"5":[1,1],"6":[1,1],"7":[2,0],"8":[2,1,1,1,1,1],"9":[0,2,0],"10":[1,1],"11":[2,1,1],"12":[1,0],"13":[0,2],"14":[2,0,0,0,0,0,0],"15":[0,3],"16":[3,0],"17":[1,1],"18":[0,1],"19":[1,2,0,2],"20":[1,0],"21":[1,1],"22":[0,0],"23":[0,0],"24":[0,0],"25":[0,0],"26":[0,0],"27":[0,0],"28":[0,0]},"f":{"1":2,"2":2,"3":2,"4":2,"5":2,"6":2,"7":3,"8":3,"9":3,"10":1,"11":6,"12":0},"fnMap":{"1":{"name":"(anonymous_1)","line":26,"loc":{"start":{"line":26,"column":1},"end":{"line":26,"column":13}}},"2":{"name":"(anonymous_2)","line":33,"loc":{"start":{"line":33,"column":5},"end":{"line":33,"column":17}}},"3":{"name":"(anonymous_3)","line":37,"loc":{"start":{"line":37,"column":24},"end":{"line":37,"column":36}}},"4":{"name":"(anonymous_4)","line":69,"loc":{"start":{"line":69,"column":31},"end":{"line":69,"column":48}},"skip":true},"5":{"name":"(anonymous_5)","line":78,"loc":{"start":{"line":78,"column":26},"end":{"line":78,"column":45}},"skip":true},"6":{"name":"(anonymous_6)","line":123,"loc":{"start":{"line":123,"column":33},"end":{"line":123,"column":48}},"skip":true},"7":{"name":"(anonymous_7)","line":125,"loc":{"start":{"line":125,"column":27},"end":{"line":125,"column":39}},"skip":true},"8":{"name":"(anonymous_8)","line":133,"loc":{"start":{"line":133,"column":59},"end":{"line":133,"column":74}},"skip":true},"9":{"name":"(anonymous_9)","line":143,"loc":{"start":{"line":143,"column":45},"end":{"line":143,"column":62}},"skip":true},"10":{"name":"(anonymous_10)","line":144,"loc":{"start":{"line":144,"column":73},"end":{"line":144,"column":92}},"skip":true},"11":{"name":"(anonymous_11)","line":272,"loc":{"start":{"line":272,"column":51},"end":{"line":272,"column":77}},"skip":true},"12":{"name":"(anonymous_12)","line":315,"loc":{"start":{"line":315,"column":32},"end":{"line":315,"column":61}},"skip":true}},"statementMap":{"1":{"start":{"line":26,"column":0},"end":{"line":326,"column":5}},"2":{"start":{"line":28,"column":4},"end":{"line":28,"column":14}},"3":{"start":{"line":33,"column":4},"end":{"line":60,"column":9}},"4":{"start":{"line":35,"column":8},"end":{"line":35,"column":19}},"5":{"start":{"line":37,"column":8},"end":{"line":49,"column":13}},"6":{"start":{"line":38,"column":12},"end":{"line":48,"column":13}},"7":{"start":{"line":39,"column":16},"end":{"line":42,"column":30}},"8":{"start":{"line":44,"column":16},"end":{"line":47,"column":27}},"9":{"start":{"line":51,"column":8},"end":{"line":53,"column":21}},"10":{"start":{"line":55,"column":8},"end":{"line":57,"column":45}},"11":{"start":{"line":59,"column":8},"end":{"line":59,"column":35}},"12":{"start":{"line":61,"column":4},"end":{"line":325,"column":5}},"13":{"start":{"line":69,"column":8},"end":{"line":121,"column":10},"skip":true},"14":{"start":{"line":70,"column":12},"end":{"line":88,"column":13},"skip":true},"15":{"start":{"line":76,"column":16},"end":{"line":87,"column":19},"skip":true},"16":{"start":{"line":79,"column":20},"end":{"line":86,"column":21},"skip":true},"17":{"start":{"line":82,"column":24},"end":{"line":82,"column":43},"skip":true},"18":{"start":{"line":83,"column":24},"end":{"line":83,"column":30},"skip":true},"19":{"start":{"line":85,"column":24},"end":{"line":85,"column":49},"skip":true},"20":{"start":{"line":89,"column":12},"end":{"line":107,"column":13},"skip":true},"21":{"start":{"line":92,"column":16},"end":{"line":102,"column":17},"skip":true},"22":{"start":{"line":93,"column":20},"end":{"line":93,"column":86},"skip":true},"23":{"start":{"line":94,"column":20},"end":{"line":95,"column":45},"skip":true},"24":{"start":{"line":96,"column":20},"end":{"line":96,"column":42},"skip":true},"25":{"start":{"line":97,"column":20},"end":{"line":97,"column":48},"skip":true},"26":{"start":{"line":100,"column":20},"end":{"line":100,"column":85},"skip":true},"27":{"start":{"line":101,"column":20},"end":{"line":101,"column":96},"skip":true},"28":{"start":{"line":103,"column":16},"end":{"line":103,"column":22},"skip":true},"29":{"start":{"line":106,"column":16},"end":{"line":106,"column":22},"skip":true},"30":{"start":{"line":108,"column":12},"end":{"line":120,"column":13},"skip":true},"31":{"start":{"line":114,"column":16},"end":{"line":119,"column":17},"skip":true},"32":{"start":{"line":116,"column":20},"end":{"line":116,"column":78},"skip":true},"33":{"start":{"line":118,"column":20},"end":{"line":118,"column":47},"skip":true},"34":{"start":{"line":123,"column":8},"end":{"line":141,"column":11},"skip":true},"35":{"start":{"line":124,"column":12},"end":{"line":124,"column":54},"skip":true},"36":{"start":{"line":125,"column":12},"end":{"line":140,"column":14},"skip":true},"37":{"start":{"line":126,"column":16},"end":{"line":126,"column":28},"skip":true},"38":{"start":{"line":127,"column":16},"end":{"line":127,"column":69},"skip":true},"39":{"start":{"line":128,"column":16},"end":{"line":128,"column":75},"skip":true},"40":{"start":{"line":129,"column":16},"end":{"line":131,"column":17},"skip":true},"41":{"start":{"line":130,"column":20},"end":{"line":130,"column":27},"skip":true},"42":{"start":{"line":133,"column":16},"end":{"line":137,"column":36},"skip":true},"43":{"start":{"line":134,"column":20},"end":{"line":136,"column":55},"skip":true},"44":{"start":{"line":139,"column":16},"end":{"line":139,"column":57},"skip":true},"45":{"start":{"line":143,"column":8},"end":{"line":147,"column":11},"skip":true},"46":{"start":{"line":144,"column":12},"end":{"line":146,"column":15},"skip":true},"47":{"start":{"line":145,"column":16},"end":{"line":145,"column":70},"skip":true},"48":{"start":{"line":149,"column":8},"end":{"line":149,"column":31},"skip":true},"49":{"start":{"line":150,"column":8},"end":{"line":150,"column":14},"skip":true},"50":{"start":{"line":158,"column":8},"end":{"line":158,"column":31},"skip":true},"51":{"start":{"line":160,"column":8},"end":{"line":160,"column":33},"skip":true},"52":{"start":{"line":161,"column":8},"end":{"line":161,"column":37},"skip":true},"53":{"start":{"line":162,"column":8},"end":{"line":162,"column":35},"skip":true},"54":{"start":{"line":164,"column":8},"end":{"line":164,"column":50},"skip":true},"55":{"start":{"line":166,"column":8},"end":{"line":256,"column":2},"skip":true},"56":{"start":{"line":258,"column":8},"end":{"line":286,"column":9},"skip":true},"57":{"start":{"line":259,"column":12},"end":{"line":269,"column":14},"skip":true},"58":{"start":{"line":271,"column":12},"end":{"line":285,"column":19},"skip":true},"59":{"start":{"line":274,"column":20},"end":{"line":274,"column":35},"skip":true},"60":{"start":{"line":275,"column":20},"end":{"line":284,"column":21},"skip":true},"61":{"start":{"line":277,"column":24},"end":{"line":277,"column":64},"skip":true},"62":{"start":{"line":279,"column":24},"end":{"line":279,"column":40},"skip":true},"63":{"start":{"line":281,"column":24},"end":{"line":281,"column":40},"skip":true},"64":{"start":{"line":283,"column":24},"end":{"line":283,"column":39},"skip":true},"65":{"start":{"line":288,"column":8},"end":{"line":290,"column":9},"skip":true},"66":{"start":{"line":289,"column":12},"end":{"line":289,"column":18},"skip":true},"67":{"start":{"line":291,"column":8},"end":{"line":293,"column":54},"skip":true},"68":{"start":{"line":296,"column":8},"end":{"line":301,"column":37},"skip":true},"69":{"start":{"line":303,"column":8},"end":{"line":303,"column":82},"skip":true},"70":{"start":{"line":306,"column":8},"end":{"line":308,"column":9},"skip":true},"71":{"start":{"line":307,"column":12},"end":{"line":307,"column":82},"skip":true},"72":{"start":{"line":310,"column":8},"end":{"line":312,"column":9},"skip":true},"73":{"start":{"line":311,"column":12},"end":{"line":311,"column":18},"skip":true},"74":{"start":{"line":313,"column":8},"end":{"line":313,"column":54},"skip":true},"75":{"start":{"line":314,"column":8},"end":{"line":314,"column":69},"skip":true},"76":{"start":{"line":315,"column":8},"end":{"line":323,"column":36},"skip":true},"77":{"start":{"line":316,"column":12},"end":{"line":316,"column":61},"skip":true},"78":{"start":{"line":317,"column":12},"end":{"line":320,"column":13},"skip":true},"79":{"start":{"line":318,"column":16},"end":{"line":318,"column":75},"skip":true},"80":{"start":{"line":319,"column":16},"end":{"line":319,"column":23},"skip":true},"81":{"start":{"line":321,"column":12},"end":{"line":321,"column":38},"skip":true},"82":{"start":{"line":322,"column":12},"end":{"line":322,"column":27},"skip":true},"83":{"start":{"line":324,"column":8},"end":{"line":324,"column":14},"skip":true}},"branchMap":{"1":{"line":39,"type":"binary-expr","locations":[{"start":{"line":39,"column":23},"end":{"line":39,"column":62}},{"start":{"line":40,"column":20},"end":{"line":40,"column":70}},{"start":{"line":41,"column":20},"end":{"line":41,"column":71}},{"start":{"line":42,"column":20},"end":{"line":42,"column":29}}]},"2":{"line":44,"type":"binary-expr","locations":[{"start":{"line":44,"column":23},"end":{"line":44,"column":37}},{"start":{"line":45,"column":20},"end":{"line":45,"column":61}},{"start":{"line":46,"column":20},"end":{"line":46,"column":70}},{"start":{"line":47,"column":20},"end":{"line":47,"column":26}}]},"3":{"line":51,"type":"cond-expr","locations":[{"start":{"line":52,"column":14},"end":{"line":52,"column":20}},{"start":{"line":53,"column":14},"end":{"line":53,"column":20}}]},"4":{"line":55,"type":"binary-expr","locations":[{"start":{"line":55,"column":16},"end":{"line":55,"column":44}},{"start":{"line":55,"column":49},"end":{"line":57,"column":43}}]},"5":{"line":55,"type":"cond-expr","locations":[{"start":{"line":56,"column":14},"end":{"line":56,"column":57}},{"start":{"line":57,"column":14},"end":{"line":57,"column":43}}]},"6":{"line":61,"type":"switch","locations":[{"start":{"line":68,"column":4},"end":{"line":150,"column":14},"skip":true},{"start":{"line":156,"column":4},"end":{"line":324,"column":14},"skip":true}]},"7":{"line":70,"type":"if","locations":[{"start":{"line":70,"column":12},"end":{"line":70,"column":12},"skip":true},{"start":{"line":70,"column":12},"end":{"line":70,"column":12},"skip":true}]},"8":{"line":70,"type":"binary-expr","locations":[{"start":{"line":70,"column":16},"end":{"line":70,"column":22},"skip":true},{"start":{"line":70,"column":27},"end":{"line":70,"column":32},"skip":true},{"start":{"line":71,"column":20},"end":{"line":71,"column":39},"skip":true},{"start":{"line":72,"column":20},"end":{"line":72,"column":49},"skip":true},{"start":{"line":73,"column":20},"end":{"line":73,"column":58},"skip":true},{"start":{"line":74,"column":20},"end":{"line":74,"column":69},"skip":true}]},"9":{"line":79,"type":"switch","locations":[{"start":{"line":80,"column":20},"end":{"line":80,"column":33},"skip":true},{"start":{"line":81,"column":20},"end":{"line":83,"column":30},"skip":true},{"start":{"line":84,"column":20},"end":{"line":85,"column":49},"skip":true}]},"10":{"line":89,"type":"switch","locations":[{"start":{"line":90,"column":12},"end":{"line":103,"column":22},"skip":true},{"start":{"line":105,"column":12},"end":{"line":106,"column":22},"skip":true}]},"11":{"line":89,"type":"binary-expr","locations":[{"start":{"line":89,"column":20},"end":{"line":89,"column":25},"skip":true},{"start":{"line":89,"column":29},"end":{"line":89,"column":48},"skip":true},{"start":{"line":89,"column":52},"end":{"line":89,"column":74},"skip":true}]},"12":{"line":92,"type":"if","locations":[{"start":{"line":92,"column":16},"end":{"line":92,"column":16},"skip":true},{"start":{"line":92,"column":16},"end":{"line":92,"column":16},"skip":true}]},"13":{"line":108,"type":"if","locations":[{"start":{"line":108,"column":12},"end":{"line":108,"column":12},"skip":true},{"start":{"line":108,"column":12},"end":{"line":108,"column":12},"skip":true}]},"14":{"line":108,"type":"binary-expr","locations":[{"start":{"line":108,"column":16},"end":{"line":108,"column":61},"skip":true},{"start":{"line":108,"column":66},"end":{"line":108,"column":72},"skip":true},{"start":{"line":108,"column":77},"end":{"line":108,"column":82},"skip":true},{"start":{"line":109,"column":20},"end":{"line":109,"column":39},"skip":true},{"start":{"line":110,"column":20},"end":{"line":110,"column":49},"skip":true},{"start":{"line":111,"column":20},"end":{"line":111,"column":58},"skip":true},{"start":{"line":112,"column":20},"end":{"line":112,"column":68},"skip":true}]},"15":{"line":129,"type":"if","locations":[{"start":{"line":129,"column":16},"end":{"line":129,"column":16},"skip":true},{"start":{"line":129,"column":16},"end":{"line":129,"column":16},"skip":true}]},"16":{"line":134,"type":"cond-expr","locations":[{"start":{"line":135,"column":26},"end":{"line":135,"column":29},"skip":true},{"start":{"line":136,"column":26},"end":{"line":136,"column":54},"skip":true}]},"17":{"line":164,"type":"binary-expr","locations":[{"start":{"line":164,"column":27},"end":{"line":164,"column":43},"skip":true},{"start":{"line":164,"column":47},"end":{"line":164,"column":49},"skip":true}]},"18":{"line":258,"type":"if","locations":[{"start":{"line":258,"column":8},"end":{"line":258,"column":8},"skip":true},{"start":{"line":258,"column":8},"end":{"line":258,"column":8},"skip":true}]},"19":{"line":275,"type":"switch","locations":[{"start":{"line":276,"column":20},"end":{"line":277,"column":64},"skip":true},{"start":{"line":278,"column":20},"end":{"line":279,"column":40},"skip":true},{"start":{"line":280,"column":20},"end":{"line":281,"column":40},"skip":true},{"start":{"line":282,"column":20},"end":{"line":283,"column":39},"skip":true}]},"20":{"line":288,"type":"if","locations":[{"start":{"line":288,"column":8},"end":{"line":288,"column":8},"skip":true},{"start":{"line":288,"column":8},"end":{"line":288,"column":8},"skip":true}]},"21":{"line":288,"type":"binary-expr","locations":[{"start":{"line":288,"column":12},"end":{"line":288,"column":40},"skip":true},{"start":{"line":288,"column":44},"end":{"line":288,"column":67},"skip":true}]},"22":{"line":292,"type":"binary-expr","locations":[{"start":{"line":292,"column":12},"end":{"line":292,"column":50},"skip":true},{"start":{"line":293,"column":12},"end":{"line":293,"column":53},"skip":true}]},"23":{"line":297,"type":"binary-expr","locations":[{"start":{"line":297,"column":12},"end":{"line":297,"column":71},"skip":true},{"start":{"line":298,"column":12},"end":{"line":301,"column":36},"skip":true}]},"24":{"line":303,"type":"binary-expr","locations":[{"start":{"line":303,"column":43},"end":{"line":303,"column":75},"skip":true},{"start":{"line":303,"column":79},"end":{"line":303,"column":81},"skip":true}]},"25":{"line":306,"type":"if","locations":[{"start":{"line":306,"column":8},"end":{"line":306,"column":8},"skip":true},{"start":{"line":306,"column":8},"end":{"line":306,"column":8},"skip":true}]},"26":{"line":310,"type":"if","locations":[{"start":{"line":310,"column":8},"end":{"line":310,"column":8},"skip":true},{"start":{"line":310,"column":8},"end":{"line":310,"column":8},"skip":true}]},"27":{"line":313,"type":"binary-expr","locations":[{"start":{"line":313,"column":27},"end":{"line":313,"column":43},"skip":true},{"start":{"line":313,"column":47},"end":{"line":313,"column":53},"skip":true}]},"28":{"line":317,"type":"if","locations":[{"start":{"line":317,"column":12},"end":{"line":317,"column":12},"skip":true},{"start":{"line":317,"column":12},"end":{"line":317,"column":12},"skip":true}]}},"code":["/*","example.js","","quickstart example","","instruction","    1. save this script as example.js","    2. run the shell command:","        $ npm install npmtest-multilabelsvm && PORT=8081 node example.js","    3. play with the browser-demo on http://127.0.0.1:8081","*/","","","","/* istanbul instrument in package npmtest_multilabelsvm */","/*jslint","    bitwise: true,","    browser: true,","    maxerr: 8,","    maxlen: 96,","    node: true,","    nomen: true,","    regexp: true,","    stupid: true","*/","(function () {","    'use strict';","    var local;","","","","    // run shared js-env code - init-before","    (function () {","        // init local","        local = {};","        // init modeJs","        local.modeJs = (function () {","            try {","                return typeof navigator.userAgent === 'string' &&","                    typeof document.querySelector('body') === 'object' &&","                    typeof XMLHttpRequest.prototype.open === 'function' &&","                    'browser';","            } catch (errorCaughtBrowser) {","                return module.exports &&","                    typeof process.versions.node === 'string' &&","                    typeof require('http').createServer === 'function' &&","                    'node';","            }","        }());","        // init global","        local.global = local.modeJs === 'browser'","            ? window","            : global;","        // init utility2_rollup","        local = local.global.utility2_rollup || (local.modeJs === 'browser'","            ? local.global.utility2_npmtest_multilabelsvm","            : global.utility2_moduleExports);","        // export local","        local.global.local = local;","    }());","    switch (local.modeJs) {","","","","    // init-after","    // run browser js-env code - init-after","    /* istanbul ignore next */","    case 'browser':","        local.testRunBrowser = function (event) {","            if (!event || (event &&","                    event.currentTarget &&","                    event.currentTarget.className &&","                    event.currentTarget.className.includes &&","                    event.currentTarget.className.includes('onreset'))) {","                // reset output","                Array.from(","                    document.querySelectorAll('body > .resettable')","                ).forEach(function (element) {","                    switch (element.tagName) {","                    case 'INPUT':","                    case 'TEXTAREA':","                        element.value = '';","                        break;","                    default:","                        element.textContent = '';","                    }","                });","            }","            switch (event && event.currentTarget && event.currentTarget.id) {","            case 'testRunButton1':","                // show tests","                if (document.querySelector('#testReportDiv1').style.display === 'none') {","                    document.querySelector('#testReportDiv1').style.display = 'block';","                    document.querySelector('#testRunButton1').textContent =","                        'hide internal test';","                    local.modeTest = true;","                    local.testRunDefault(local);","                // hide tests","                } else {","                    document.querySelector('#testReportDiv1').style.display = 'none';","                    document.querySelector('#testRunButton1').textContent = 'run internal test';","                }","                break;","            // custom-case","            default:","                break;","            }","            if (document.querySelector('#inputTextareaEval1') && (!event || (event &&","                    event.currentTarget &&","                    event.currentTarget.className &&","                    event.currentTarget.className.includes &&","                    event.currentTarget.className.includes('oneval')))) {","                // try to eval input-code","                try {","                    /*jslint evil: true*/","                    eval(document.querySelector('#inputTextareaEval1').value);","                } catch (errorCaught) {","                    console.error(errorCaught);","                }","            }","        };","        // log stderr and stdout to #outputTextareaStdout1","        ['error', 'log'].forEach(function (key) {","            console[key + '_original'] = console[key];","            console[key] = function () {","                var element;","                console[key + '_original'].apply(console, arguments);","                element = document.querySelector('#outputTextareaStdout1');","                if (!element) {","                    return;","                }","                // append text to #outputTextareaStdout1","                element.value += Array.from(arguments).map(function (arg) {","                    return typeof arg === 'string'","                        ? arg","                        : JSON.stringify(arg, null, 4);","                }).join(' ') + '\\n';","                // scroll textarea to bottom","                element.scrollTop = element.scrollHeight;","            };","        });","        // init event-handling","        ['change', 'click', 'keyup'].forEach(function (event) {","            Array.from(document.querySelectorAll('.on' + event)).forEach(function (element) {","                element.addEventListener(event, local.testRunBrowser);","            });","        });","        // run tests","        local.testRunBrowser();","        break;","","","","    // run node js-env code - init-after","    /* istanbul ignore next */","    case 'node':","        // export local","        module.exports = local;","        // require modules","        local.fs = require('fs');","        local.http = require('http');","        local.url = require('url');","        // init assets","        local.assetsDict = local.assetsDict || {};","        /* jslint-ignore-begin */","        local.assetsDict['/assets.index.template.html'] = '\\","<!doctype html>\\n\\","<html lang=\"en\">\\n\\","<head>\\n\\","<meta charset=\"UTF-8\">\\n\\","<meta name=\"viewport\" content=\"width=device-width, initial-scale=1\">\\n\\","<title>{{env.npm_package_name}} (v{{env.npm_package_version}})</title>\\n\\","<style>\\n\\","/*csslint\\n\\","    box-sizing: false,\\n\\","    universal-selector: false\\n\\","*/\\n\\","* {\\n\\","    box-sizing: border-box;\\n\\","}\\n\\","body {\\n\\","    background: #dde;\\n\\","    font-family: Arial, Helvetica, sans-serif;\\n\\","    margin: 2rem;\\n\\","}\\n\\","body > * {\\n\\","    margin-bottom: 1rem;\\n\\","}\\n\\",".utility2FooterDiv {\\n\\","    margin-top: 20px;\\n\\","    text-align: center;\\n\\","}\\n\\","</style>\\n\\","<style>\\n\\","/*csslint\\n\\","*/\\n\\","textarea {\\n\\","    font-family: monospace;\\n\\","    height: 10rem;\\n\\","    width: 100%;\\n\\","}\\n\\","textarea[readonly] {\\n\\","    background: #ddd;\\n\\","}\\n\\","</style>\\n\\","</head>\\n\\","<body>\\n\\","<!-- utility2-comment\\n\\","<div id=\"ajaxProgressDiv1\" style=\"background: #d00; height: 2px; left: 0; margin: 0; padding: 0; position: fixed; top: 0; transition: background 0.5s, width 1.5s; width: 25%;\"></div>\\n\\","utility2-comment -->\\n\\","<h1>\\n\\","<!-- utility2-comment\\n\\","    <a\\n\\","        {{#if env.npm_package_homepage}}\\n\\","        href=\"{{env.npm_package_homepage}}\"\\n\\","        {{/if env.npm_package_homepage}}\\n\\","        target=\"_blank\"\\n\\","    >\\n\\","utility2-comment -->\\n\\","        {{env.npm_package_name}} (v{{env.npm_package_version}})\\n\\","<!-- utility2-comment\\n\\","    </a>\\n\\","utility2-comment -->\\n\\","</h1>\\n\\","<h3>{{env.npm_package_description}}</h3>\\n\\","<!-- utility2-comment\\n\\","<h4><a download href=\"assets.app.js\">download standalone app</a></h4>\\n\\","<button class=\"onclick onreset\" id=\"testRunButton1\">run internal test</button><br>\\n\\","<div id=\"testReportDiv1\" style=\"display: none;\"></div>\\n\\","utility2-comment -->\\n\\","\\n\\","\\n\\","\\n\\","<label>stderr and stdout</label>\\n\\","<textarea class=\"resettable\" id=\"outputTextareaStdout1\" readonly></textarea>\\n\\","<!-- utility2-comment\\n\\","{{#if isRollup}}\\n\\","<script src=\"assets.app.js\"></script>\\n\\","{{#unless isRollup}}\\n\\","utility2-comment -->\\n\\","<script src=\"assets.utility2.rollup.js\"></script>\\n\\","<script src=\"jsonp.utility2._stateInit?callback=window.utility2._stateInit\"></script>\\n\\","<script src=\"assets.npmtest_multilabelsvm.rollup.js\"></script>\\n\\","<script src=\"assets.example.js\"></script>\\n\\","<script src=\"assets.test.js\"></script>\\n\\","<!-- utility2-comment\\n\\","{{/if isRollup}}\\n\\","utility2-comment -->\\n\\","<div class=\"utility2FooterDiv\">\\n\\","    [ this app was created with\\n\\","    <a href=\"https://github.com/kaizhu256/node-utility2\" target=\"_blank\">utility2</a>\\n\\","    ]\\n\\","</div>\\n\\","</body>\\n\\","</html>\\n\\","';","        /* jslint-ignore-end */","        if (local.templateRender) {","            local.assetsDict['/'] = local.templateRender(","                local.assetsDict['/assets.index.template.html'],","                {","                    env: local.objectSetDefault(local.env, {","                        npm_package_description: 'the greatest app in the world!',","                        npm_package_name: 'my-app',","                        npm_package_nameAlias: 'my_app',","                        npm_package_version: '0.0.1'","                    })","                }","            );","        } else {","            local.assetsDict['/'] = local.assetsDict['/assets.index.template.html']","                .replace((/\\{\\{env\\.(\\w+?)\\}\\}/g), function (match0, match1) {","                    // jslint-hack","                    String(match0);","                    switch (match1) {","                    case 'npm_package_description':","                        return 'the greatest app in the world!';","                    case 'npm_package_name':","                        return 'my-app';","                    case 'npm_package_nameAlias':","                        return 'my_app';","                    case 'npm_package_version':","                        return '0.0.1';","                    }","                });","        }","        // run the cli","        if (local.global.utility2_rollup || module !== require.main) {","            break;","        }","        local.assetsDict['/assets.example.js'] =","            local.assetsDict['/assets.example.js'] ||","            local.fs.readFileSync(__filename, 'utf8');","        // bug-workaround - long $npm_package_buildCustomOrg","        /* jslint-ignore-begin */","        local.assetsDict['/assets.npmtest_multilabelsvm.rollup.js'] =","            local.assetsDict['/assets.npmtest_multilabelsvm.rollup.js'] ||","            local.fs.readFileSync(","                local.npmtest_multilabelsvm.__dirname + '/lib.npmtest_multilabelsvm.js',","                'utf8'","            ).replace((/^#!/), '//');","        /* jslint-ignore-end */","        local.assetsDict['/favicon.ico'] = local.assetsDict['/favicon.ico'] || '';","        // if $npm_config_timeout_exit exists,","        // then exit this process after $npm_config_timeout_exit ms","        if (Number(process.env.npm_config_timeout_exit)) {","            setTimeout(process.exit, Number(process.env.npm_config_timeout_exit));","        }","        // start server","        if (local.global.utility2_serverHttp1) {","            break;","        }","        process.env.PORT = process.env.PORT || '8081';","        console.error('server starting on port ' + process.env.PORT);","        local.http.createServer(function (request, response) {","            request.urlParsed = local.url.parse(request.url);","            if (local.assetsDict[request.urlParsed.pathname] !== undefined) {","                response.end(local.assetsDict[request.urlParsed.pathname]);","                return;","            }","            response.statusCode = 404;","            response.end();","        }).listen(process.env.PORT);","        break;","    }","}());",""],"l":{"26":2,"28":2,"33":2,"35":2,"37":2,"38":2,"39":2,"44":1,"51":2,"55":2,"59":2,"61":2,"69":1,"70":2,"76":2,"79":2,"82":2,"83":2,"85":1,"89":2,"92":1,"93":1,"94":1,"96":1,"97":1,"100":1,"101":1,"103":1,"106":1,"108":2,"114":1,"116":1,"118":1,"123":1,"124":2,"125":2,"126":3,"127":3,"128":3,"129":3,"130":1,"133":3,"134":3,"139":3,"143":1,"144":3,"145":1,"149":1,"150":1,"158":1,"160":1,"161":1,"162":1,"164":1,"166":1,"258":1,"259":1,"271":1,"274":6,"275":6,"277":1,"279":2,"281":1,"283":2,"288":1,"289":1,"291":1,"296":1,"303":1,"306":1,"307":1,"310":1,"311":1,"313":1,"314":1,"315":1,"316":1,"317":1,"318":1,"319":1,"321":1,"322":1,"324":1}},"/home/travis/build/npmtest/node-npmtest-multilabelsvm/node_modules/multilabelsvm/lib/multilabelsvm.js":{"path":"/home/travis/build/npmtest/node-npmtest-multilabelsvm/node_modules/multilabelsvm/lib/multilabelsvm.js","s":{"1":1,"2":1,"3":1,"4":1,"5":2,"6":2,"7":2,"8":2,"9":1,"10":38,"11":144,"12":38,"13":144,"14":1,"15":38,"16":1,"17":425,"18":425,"19":425,"20":1617,"21":425,"22":425,"23":1606,"24":1606,"25":425,"26":1,"27":387,"28":387,"29":14706,"30":387,"31":1462,"32":1462,"33":387,"34":387,"35":14706,"36":387,"37":1,"38":1,"39":38,"40":10,"41":38,"42":1,"43":2,"44":2,"45":2,"46":2,"47":2,"48":2,"49":2,"50":2,"51":20,"52":2,"53":1,"54":38,"55":38,"56":1,"57":1,"58":2,"59":1,"60":1,"61":10,"62":10,"63":10,"64":380,"65":380,"66":38,"67":342,"68":10,"69":2,"70":7,"71":7,"72":7,"73":7,"74":70,"75":7,"76":2,"77":7,"78":7,"79":7,"80":70,"81":11,"82":11,"83":7,"84":2,"85":1,"86":10,"87":1,"88":1,"89":10,"90":1,"91":3,"92":2,"93":1,"94":1,"95":10,"96":1,"97":1,"98":1,"99":1,"100":1,"101":1,"102":1},"b":{"1":[1,0],"2":[1,1],"3":[2,0],"4":[2,2],"5":[2,2],"6":[38,106],"7":[425,0],"8":[1462,0],"9":[10,28],"10":[2,1],"11":[2,2],"12":[2,0],"13":[38,342],"14":[11,59],"15":[1,0],"16":[1,1]},"f":{"1":1,"2":2,"3":38,"4":144,"5":38,"6":425,"7":1617,"8":387,"9":1,"10":38,"11":2,"12":2,"13":1,"14":1,"15":7,"16":7,"17":1,"18":1},"fnMap":{"1":{"name":"(anonymous_1)","line":4,"loc":{"start":{"line":4,"column":18},"end":{"line":4,"column":39}}},"2":{"name":"(anonymous_2)","line":5,"loc":{"start":{"line":5,"column":10},"end":{"line":5,"column":27}}},"3":{"name":"(anonymous_3)","line":16,"loc":{"start":{"line":16,"column":28},"end":{"line":16,"column":42}}},"4":{"name":"(anonymous_4)","line":18,"loc":{"start":{"line":18,"column":28},"end":{"line":18,"column":63}}},"5":{"name":"(anonymous_5)","line":28,"loc":{"start":{"line":28,"column":34},"end":{"line":28,"column":48}}},"6":{"name":"(anonymous_6)","line":37,"loc":{"start":{"line":37,"column":24},"end":{"line":37,"column":43}}},"7":{"name":"(anonymous_7)","line":42,"loc":{"start":{"line":42,"column":46},"end":{"line":42,"column":57}}},"8":{"name":"(anonymous_8)","line":53,"loc":{"start":{"line":53,"column":36},"end":{"line":53,"column":51}}},"9":{"name":"(anonymous_9)","line":74,"loc":{"start":{"line":74,"column":23},"end":{"line":74,"column":36}}},"10":{"name":"(anonymous_10)","line":76,"loc":{"start":{"line":76,"column":19},"end":{"line":76,"column":32}}},"11":{"name":"Classifier","line":85,"loc":{"start":{"line":85,"column":0},"end":{"line":86,"column":0}}},"12":{"name":"(anonymous_12)","line":105,"loc":{"start":{"line":105,"column":26},"end":{"line":105,"column":36}}},"13":{"name":"(anonymous_13)","line":113,"loc":{"start":{"line":113,"column":30},"end":{"line":113,"column":44}}},"14":{"name":"(anonymous_14)","line":126,"loc":{"start":{"line":126,"column":19},"end":{"line":126,"column":33}}},"15":{"name":"(anonymous_15)","line":149,"loc":{"start":{"line":149,"column":15},"end":{"line":149,"column":29}}},"16":{"name":"(anonymous_16)","line":163,"loc":{"start":{"line":163,"column":21},"end":{"line":163,"column":34}}},"17":{"name":"(anonymous_17)","line":175,"loc":{"start":{"line":175,"column":15},"end":{"line":175,"column":29}}},"18":{"name":"(anonymous_18)","line":190,"loc":{"start":{"line":190,"column":13},"end":{"line":190,"column":23}}}},"statementMap":{"1":{"start":{"line":1,"column":0},"end":{"line":2,"column":27}},"2":{"start":{"line":2,"column":0},"end":{"line":2,"column":27}},"3":{"start":{"line":4,"column":0},"end":{"line":208,"column":56}},"4":{"start":{"line":5,"column":0},"end":{"line":12,"column":1}},"5":{"start":{"line":7,"column":1},"end":{"line":7,"column":20}},"6":{"start":{"line":8,"column":1},"end":{"line":8,"column":23}},"7":{"start":{"line":9,"column":1},"end":{"line":9,"column":35}},"8":{"start":{"line":10,"column":1},"end":{"line":10,"column":53}},"9":{"start":{"line":16,"column":0},"end":{"line":25,"column":1}},"10":{"start":{"line":18,"column":1},"end":{"line":23,"column":17}},"11":{"start":{"line":20,"column":1},"end":{"line":20,"column":70}},"12":{"start":{"line":20,"column":42},"end":{"line":20,"column":70}},"13":{"start":{"line":21,"column":1},"end":{"line":21,"column":17}},"14":{"start":{"line":28,"column":0},"end":{"line":32,"column":1}},"15":{"start":{"line":30,"column":1},"end":{"line":30,"column":37}},"16":{"start":{"line":37,"column":0},"end":{"line":50,"column":1}},"17":{"start":{"line":39,"column":1},"end":{"line":40,"column":34}},"18":{"start":{"line":40,"column":2},"end":{"line":40,"column":34}},"19":{"start":{"line":42,"column":1},"end":{"line":42,"column":71}},"20":{"start":{"line":42,"column":58},"end":{"line":42,"column":68}},"21":{"start":{"line":43,"column":1},"end":{"line":43,"column":12}},"22":{"start":{"line":44,"column":1},"end":{"line":48,"column":2}},"23":{"start":{"line":45,"column":2},"end":{"line":45,"column":47}},"24":{"start":{"line":46,"column":2},"end":{"line":46,"column":35}},"25":{"start":{"line":49,"column":1},"end":{"line":49,"column":12}},"26":{"start":{"line":53,"column":0},"end":{"line":71,"column":1}},"27":{"start":{"line":55,"column":0},"end":{"line":55,"column":16}},"28":{"start":{"line":56,"column":1},"end":{"line":57,"column":33}},"29":{"start":{"line":57,"column":2},"end":{"line":57,"column":33}},"30":{"start":{"line":59,"column":1},"end":{"line":62,"column":2}},"31":{"start":{"line":60,"column":2},"end":{"line":61,"column":22}},"32":{"start":{"line":61,"column":2},"end":{"line":61,"column":22}},"33":{"start":{"line":64,"column":1},"end":{"line":64,"column":23}},"34":{"start":{"line":65,"column":1},"end":{"line":67,"column":3}},"35":{"start":{"line":66,"column":2},"end":{"line":66,"column":34}},"36":{"start":{"line":69,"column":0},"end":{"line":69,"column":21}},"37":{"start":{"line":74,"column":0},"end":{"line":81,"column":1}},"38":{"start":{"line":76,"column":1},"end":{"line":79,"column":9}},"39":{"start":{"line":77,"column":2},"end":{"line":77,"column":35}},"40":{"start":{"line":77,"column":25},"end":{"line":77,"column":35}},"41":{"start":{"line":78,"column":2},"end":{"line":78,"column":11}},"42":{"start":{"line":85,"column":0},"end":{"line":203,"column":1}},"43":{"start":{"line":88,"column":0},"end":{"line":88,"column":17}},"44":{"start":{"line":89,"column":0},"end":{"line":89,"column":20}},"45":{"start":{"line":90,"column":0},"end":{"line":90,"column":23}},"46":{"start":{"line":91,"column":0},"end":{"line":91,"column":37}},"47":{"start":{"line":92,"column":0},"end":{"line":92,"column":36}},"48":{"start":{"line":93,"column":0},"end":{"line":101,"column":2}},"49":{"start":{"line":105,"column":1},"end":{"line":110,"column":2}},"50":{"start":{"line":106,"column":3},"end":{"line":107,"column":51}},"51":{"start":{"line":107,"column":3},"end":{"line":107,"column":51}},"52":{"start":{"line":113,"column":1},"end":{"line":123,"column":2}},"53":{"start":{"line":114,"column":2},"end":{"line":117,"column":3}},"54":{"start":{"line":115,"column":3},"end":{"line":115,"column":45}},"55":{"start":{"line":116,"column":3},"end":{"line":116,"column":36}},"56":{"start":{"line":120,"column":2},"end":{"line":120,"column":45}},"57":{"start":{"line":121,"column":2},"end":{"line":121,"column":38}},"58":{"start":{"line":126,"column":1},"end":{"line":145,"column":2}},"59":{"start":{"line":128,"column":2},"end":{"line":128,"column":35}},"60":{"start":{"line":129,"column":2},"end":{"line":143,"column":3}},"61":{"start":{"line":130,"column":3},"end":{"line":130,"column":21}},"62":{"start":{"line":131,"column":3},"end":{"line":131,"column":19}},"63":{"start":{"line":133,"column":3},"end":{"line":140,"column":4}},"64":{"start":{"line":134,"column":4},"end":{"line":134,"column":81}},"65":{"start":{"line":135,"column":4},"end":{"line":138,"column":21}},"66":{"start":{"line":136,"column":5},"end":{"line":136,"column":19}},"67":{"start":{"line":138,"column":5},"end":{"line":138,"column":21}},"68":{"start":{"line":142,"column":2},"end":{"line":142,"column":57}},"69":{"start":{"line":149,"column":1},"end":{"line":160,"column":2}},"70":{"start":{"line":151,"column":1},"end":{"line":151,"column":63}},"71":{"start":{"line":152,"column":1},"end":{"line":152,"column":15}},"72":{"start":{"line":153,"column":1},"end":{"line":153,"column":19}},"73":{"start":{"line":154,"column":1},"end":{"line":157,"column":2}},"74":{"start":{"line":155,"column":2},"end":{"line":155,"column":52}},"75":{"start":{"line":158,"column":1},"end":{"line":158,"column":36}},"76":{"start":{"line":163,"column":1},"end":{"line":173,"column":2}},"77":{"start":{"line":164,"column":1},"end":{"line":164,"column":10}},"78":{"start":{"line":165,"column":1},"end":{"line":165,"column":10}},"79":{"start":{"line":166,"column":2},"end":{"line":171,"column":3}},"80":{"start":{"line":167,"column":3},"end":{"line":170,"column":4}},"81":{"start":{"line":168,"column":4},"end":{"line":168,"column":17}},"82":{"start":{"line":169,"column":4},"end":{"line":169,"column":13}},"83":{"start":{"line":172,"column":1},"end":{"line":172,"column":14}},"84":{"start":{"line":175,"column":1},"end":{"line":189,"column":2}},"85":{"start":{"line":178,"column":1},"end":{"line":179,"column":22}},"86":{"start":{"line":179,"column":2},"end":{"line":179,"column":22}},"87":{"start":{"line":181,"column":1},"end":{"line":181,"column":37}},"88":{"start":{"line":183,"column":1},"end":{"line":184,"column":49}},"89":{"start":{"line":184,"column":2},"end":{"line":184,"column":49}},"90":{"start":{"line":186,"column":1},"end":{"line":187,"column":28}},"91":{"start":{"line":187,"column":2},"end":{"line":187,"column":28}},"92":{"start":{"line":190,"column":1},"end":{"line":201,"column":2}},"93":{"start":{"line":191,"column":2},"end":{"line":191,"column":36}},"94":{"start":{"line":193,"column":2},"end":{"line":194,"column":52}},"95":{"start":{"line":194,"column":3},"end":{"line":194,"column":52}},"96":{"start":{"line":196,"column":2},"end":{"line":196,"column":46}},"97":{"start":{"line":197,"column":2},"end":{"line":197,"column":42}},"98":{"start":{"line":198,"column":2},"end":{"line":198,"column":56}},"99":{"start":{"line":200,"column":2},"end":{"line":200,"column":14}},"100":{"start":{"line":205,"column":0},"end":{"line":205,"column":24}},"101":{"start":{"line":206,"column":0},"end":{"line":206,"column":32}},"102":{"start":{"line":207,"column":0},"end":{"line":207,"column":15}}},"branchMap":{"1":{"line":1,"type":"if","locations":[{"start":{"line":1,"column":0},"end":{"line":1,"column":0}},{"start":{"line":1,"column":0},"end":{"line":1,"column":0}}]},"2":{"line":1,"type":"binary-expr","locations":[{"start":{"line":1,"column":3},"end":{"line":1,"column":30}},{"start":{"line":1,"column":34},"end":{"line":1,"column":69}}]},"3":{"line":8,"type":"binary-expr","locations":[{"start":{"line":8,"column":12},"end":{"line":8,"column":19}},{"start":{"line":8,"column":21},"end":{"line":8,"column":23}}]},"4":{"line":9,"type":"binary-expr","locations":[{"start":{"line":9,"column":15},"end":{"line":9,"column":29}},{"start":{"line":9,"column":32},"end":{"line":9,"column":33}}]},"5":{"line":10,"type":"binary-expr","locations":[{"start":{"line":10,"column":22},"end":{"line":10,"column":43}},{"start":{"line":10,"column":47},"end":{"line":10,"column":52}}]},"6":{"line":20,"type":"if","locations":[{"start":{"line":20,"column":1},"end":{"line":20,"column":1}},{"start":{"line":20,"column":1},"end":{"line":20,"column":1}}]},"7":{"line":39,"type":"if","locations":[{"start":{"line":39,"column":1},"end":{"line":39,"column":1}},{"start":{"line":39,"column":1},"end":{"line":39,"column":1}}]},"8":{"line":60,"type":"if","locations":[{"start":{"line":60,"column":2},"end":{"line":60,"column":2}},{"start":{"line":60,"column":2},"end":{"line":60,"column":2}}]},"9":{"line":77,"type":"if","locations":[{"start":{"line":77,"column":2},"end":{"line":77,"column":2}},{"start":{"line":77,"column":2},"end":{"line":77,"column":2}}]},"10":{"line":90,"type":"binary-expr","locations":[{"start":{"line":90,"column":10},"end":{"line":90,"column":17}},{"start":{"line":90,"column":21},"end":{"line":90,"column":23}}]},"11":{"line":91,"type":"binary-expr","locations":[{"start":{"line":91,"column":18},"end":{"line":91,"column":33}},{"start":{"line":91,"column":35},"end":{"line":91,"column":37}}]},"12":{"line":93,"type":"binary-expr","locations":[{"start":{"line":93,"column":13},"end":{"line":93,"column":20}},{"start":{"line":93,"column":23},"end":{"line":101,"column":1}}]},"13":{"line":135,"type":"if","locations":[{"start":{"line":135,"column":4},"end":{"line":135,"column":4}},{"start":{"line":135,"column":4},"end":{"line":135,"column":4}}]},"14":{"line":167,"type":"if","locations":[{"start":{"line":167,"column":3},"end":{"line":167,"column":3}},{"start":{"line":167,"column":3},"end":{"line":167,"column":3}}]},"15":{"line":205,"type":"binary-expr","locations":[{"start":{"line":205,"column":10},"end":{"line":205,"column":17}},{"start":{"line":205,"column":21},"end":{"line":205,"column":23}}]},"16":{"line":208,"type":"binary-expr","locations":[{"start":{"line":208,"column":3},"end":{"line":208,"column":31}},{"start":{"line":208,"column":35},"end":{"line":208,"column":49}}]}},"code":["if(typeof process === 'object' && process + '' === '[object process]')//checking if its nodejs/browser","var svmjs = require(\"svm\");","//bag of words","var Classifier = (function(exports,svm){","var bag = function(options){","","\tthis.features = [];//features detects from training set.","\toptions =  options||{}","\tthis.ngrams = options.ngrams|| 1 ;//it group words together as ngrams value specified.","\tthis.casesensitive = options.casesensitive || false; //case sensitivity of words","\t\t\t\t\t ","}","","//adding new feature to the features array.","//doc should be array.","bag.prototype.addFeatures = function( doc){",""," this.features = doc.reduce(function(features , currentValue ) {","","\tif (features.indexOf(currentValue) < 0 ) features.push(currentValue);","\treturn features;","\t","},this.features);","","}","","//this will add string features.first convert to array then adding to featues.","bag.prototype.addStringFeatures = function( doc){","","\tthis.addFeatures(this.str2arr(doc));","","}","","//given document to array.","//it take care of the case sensitivity,ngrams options.","//code inspired by limdu. (npm limdu)","bag.prototype.str2arr = function( document){","","\tif(!this.casesensitive) ","\t\tdocument=document.toLowerCase();","","\tgrams = document.split(/[ \\t,;:.!?]/).filter(function(a){return !!a});","\tvar doc=[];","\tfor (var i=0; i<=grams.length-this.ngrams; ++i) {","\t\tsliceOfWords = grams.slice(i, i+this.ngrams);","\t\tdoc.push(sliceOfWords.join(\"_\"));","\t\t\t","\t}","\treturn doc;","}","","//this function converts given document array to feature vector","bag.prototype.createFeatureVector = function( doc ){","\t","var features ={}","\tfor (var i in this.features)","\t\tfeatures[this.features[i]] = 0;","","\tfor(var i in doc){","\t\tif(features[doc[i]] > -1 )//eliminates unknown feature","\t\tfeatures[doc[i]] ++;","\t}","//console.log(this.features);","\tvar featureVector = []\t","\tfor(var i in features){","\t\tfeatureVector.push(features[i]);","\t\t}","//console.log(featureVector);","return\tfeatureVector;"," \t","}","","//helper function to avoid repeaated values in an array","bag.prototype.unique = function(arr){","","\treturn arr.reduce(function(a,b){","\t\tif (a.indexOf(b) < 0 ) a.push(b);","\t\treturn a;","\t  },[]);","  ","}","//end of bag","","","function Classifier(options)","{ ","","this.labels = [];","this.classfiers= {};","options = options || {}","options.feature = options.feature||{}","this.bag = new bag(options.feature);","this.options=options ||{","\tC : 1.0,","\ttol : 1e-4, ","\talphatol : 1e-7,","\tmaxiter : 10000,","\tkernel : 'rbf', ","\trbfsigma :  0.5,","\tnumpasses : 100,","};\t\t","","","\t//creating each classifiers for each label","\tthis.createClassifiers = function(){","\t\t\tfor(var i in this.labels )","\t\t\tthis.classfiers[this.labels[i]] = new svm.SVM();","\t\t","\t","\t}//end of createClassifiers  ","\t","\t//initialize classifier by taking data from the training set.","\tthis.initializeClassifiers = function(data){","\t\tfor( var i in data){\t\t","\t\t\tthis.bag.addStringFeatures(data[i].input);","\t\t\tthis.labels.push(data[i].output);","\t\t}\t","\t\t","\t\t","\t\tthis.labels = this.bag.unique(this.labels);","\t\tthis.createClassifiers(this.labels);","\t\t","\t}","\t","","\tthis.trainBatch = function(data){","\t","\t\tthis.initializeClassifiers(data);","\t\tfor( var c in this.classfiers){","\t\t\tvar trainSet = [];","\t\t\tvar labels = [];","\t","\t\t\tfor( var i in data){","\t\t\t\ttrainSet.push(this.bag.createFeatureVector(this.bag.str2arr(data[i].input)));//creating featurevector foreach document.\t\t\t ","\t\t\t\tif(c == data[i].output) //keeping binary ","\t\t\t\t\tlabels.push(1)","\t\t\t\telse","\t\t\t\t\tlabels.push(-1);","\t\t","\t\t\t}","\t\t\t//console.log(trainSet ,labels);","\t\tthis.classfiers[c].train(trainSet,labels,this.options);\t","\t\t}","","\t}","\t//end of train batch.","\t","\t//classification classify each classifiers and combine their result into single class.","\tthis.classify=function(text){","\t","\tfeature = this.bag.createFeatureVector(this.bag.str2arr(text))","\tvar\tresult ={}\t\t\t","\tvar prediction=[];","\tfor( var c in this.classfiers){","\t\tresult[c] = this.classfiers[c].marginOne(feature);","\t\t\t\t\t\t\t\t","\t}","\treturn (this.getMaxFvalue(result));\t","\t","\t}//end of classify","","\t//gets maximum value of prediction.","\tthis.getMaxFvalue = function(obj){","\tmax = -1;","\tlabel='0' ","\t\tfor(var i in obj){","\t\t\tif(obj[i] > max ){","\t\t\t\tmax = obj[i];","\t\t\t\tlabel =i;","\t\t\t}","\t\t}","\treturn label;","\t}","\t","\tthis.fromJSON=function(json){","\t","\t","\tfor(var j in json.cfiers)","\t\tthis.labels.push(j);","\t\t","\tthis.createClassifiers(this.labels);","\t//importing classsifiers","\tfor( var c in this.classfiers)","\t\tthis.classfiers[c].fromJSON(json['cfiers'][c]);","\t//importing bag model\t","\tfor(var b in json.bag)","\t\tthis.bag[b] = json.bag[b];","\t\t","\t}","\tthis.toJSON=function(){","\t\tvar json = {'bag':{},'cfiers':{}};\t","\t\t//exporting classifiers keyed by label.","\t\tfor( var c in this.classfiers)","\t\t\tjson['cfiers'][c] =  this.classfiers[c].toJSON();\t","\t\t//exporting bag \t","\t\tjson['bag']['features'] = this.bag.features;","\t\tjson['bag']['ngrams'] = this.bag.ngrams;","\t\tjson['bag']['casesensitive'] = this.bag.casesensitive;\t\t","\t\t","\t\treturn json;\t\t","\t}","","}","","exports = exports || {};","exports.Classifier = Classifier;","return exports;","})(typeof module != 'undefined' && module.exports,svmjs)","","","","","","","","","",""],"l":{"1":1,"2":1,"4":1,"5":1,"7":2,"8":2,"9":2,"10":2,"16":1,"18":38,"20":144,"21":144,"28":1,"30":38,"37":1,"39":425,"40":425,"42":1617,"43":425,"44":425,"45":1606,"46":1606,"49":425,"53":1,"55":387,"56":387,"57":14706,"59":387,"60":1462,"61":1462,"64":387,"65":387,"66":14706,"69":387,"74":1,"76":1,"77":38,"78":38,"85":1,"88":2,"89":2,"90":2,"91":2,"92":2,"93":2,"105":2,"106":2,"107":20,"113":2,"114":1,"115":38,"116":38,"120":1,"121":1,"126":2,"128":1,"129":1,"130":10,"131":10,"133":10,"134":380,"135":380,"136":38,"138":342,"142":10,"149":2,"151":7,"152":7,"153":7,"154":7,"155":70,"158":7,"163":2,"164":7,"165":7,"166":7,"167":70,"168":11,"169":11,"172":7,"175":2,"178":1,"179":10,"181":1,"183":1,"184":10,"186":1,"187":3,"190":2,"191":1,"193":1,"194":10,"196":1,"197":1,"198":1,"200":1,"205":1,"206":1,"207":1}},"/home/travis/build/npmtest/node-npmtest-multilabelsvm/node_modules/multilabelsvm/c.js":{"path":"/home/travis/build/npmtest/node-npmtest-multilabelsvm/node_modules/multilabelsvm/c.js","s":{"1":1,"2":1,"3":1,"4":1,"5":1,"6":1,"7":1,"8":1,"9":1,"10":1,"11":1,"12":1,"13":1,"14":1,"15":1},"b":{},"f":{},"fnMap":{},"statementMap":{"1":{"start":{"line":1,"column":0},"end":{"line":1,"column":49}},"2":{"start":{"line":2,"column":0},"end":{"line":2,"column":67}},"3":{"start":{"line":3,"column":0},"end":{"line":42,"column":1}},"4":{"start":{"line":44,"column":0},"end":{"line":44,"column":38}},"5":{"start":{"line":48,"column":0},"end":{"line":48,"column":55}},"6":{"start":{"line":49,"column":0},"end":{"line":49,"column":53}},"7":{"start":{"line":50,"column":0},"end":{"line":50,"column":53}},"8":{"start":{"line":51,"column":0},"end":{"line":51,"column":57}},"9":{"start":{"line":53,"column":0},"end":{"line":53,"column":36}},"10":{"start":{"line":54,"column":0},"end":{"line":54,"column":54}},"11":{"start":{"line":55,"column":0},"end":{"line":55,"column":44}},"12":{"start":{"line":57,"column":0},"end":{"line":57,"column":35}},"13":{"start":{"line":58,"column":0},"end":{"line":58,"column":57}},"14":{"start":{"line":59,"column":0},"end":{"line":59,"column":57}},"15":{"start":{"line":60,"column":0},"end":{"line":60,"column":64}}},"branchMap":{},"code":["var multilabel = require('./lib/multilabelsvm' );","var actionClassifier = new multilabel.Classifier({kernel : 'rbf'});","var trainSet = [","{ input:'What is your name',output: \"name\" },","{ input:'how are you',output: \"fine\"},","{ input:'please tell your name please',output: \"name\" },","{ input:'your name please',output: \"name\" },","{ input:'what is your name',output: \"name\" },","{ input:'who am i',output: \"listener\" },","{ input:'do you know my name',output: \"listener\" },","{ input:'what is my name',output: \"listener\" },","{ input:'do you know about me',output: \"listener\" },","{ input:'do you know my name',output: \"listener\" },","{ input:'do you know me',output: \"listener\" },","{ input:'your age',output: \"age\" },","{ input:'who are you ',output: \"name\" },","{ input:'may i know your name',output: \"name\" },","{ input:'your name',output: \"name\" },","{ input:'where you your',output: \"about\" },","{ input:'how do you do',output: \"fine\" },","{ input:'how are you doing',output: \"fine\"},","{ input:'how are you',output: \"fine\"},","{ input:'how do you do',output: \"fine\"},","{ input:'how are you',output: \"fine\"},","{ input:'are you fine',output: \"fine\"},","{ input:'how do you feel',output: \"fine\"},","{ input:'what do you do',output: \"fine\"},","{ input:'can you edit this',output: \"edit\"},","{ input:'can you change my name',output:\"change\"},","{ input:'i dont know what to do',output: \"help\" },","{ input:'what should i do',output: \"help\" },","{ input:'could you repeat it',output: \"repeat\" },","{ input:'can you repeat',output: \"repeat\" },","{ input:'can you please repeat it',output: \"repeat\" },","{ input:'please repeat it',output: \"repeat\" },","{ input:'please repeat again',output: \"repeat\" },","{ input:'repeat',output: \"repeat\" },","{ input:'tell once again',output: \"repeat\" },","{ input:'i dont want to repeat it',output: \"fine\" },","{ input:'tell once more',output: \"repeat\" },","{ input:'can you please check it',output: \"check\" }","]","","actionClassifier.trainBatch(trainSet);","","//console.log(actionClassifier.bag.features);","","console.log(actionClassifier.classify('do you repeat'))","console.log(actionClassifier.classify('who are you'))","console.log(actionClassifier.classify('how are you'))","console.log(actionClassifier.classify('what is my name'))","//backing up","var json = actionClassifier.toJSON()","var newActionClassifier = new multilabel.Classifier();","console.log('----------New Classifier----');","//importing","newActionClassifier.fromJSON(json);","console.log(newActionClassifier.classify('how are you'));","console.log(newActionClassifier.classify('who are you'));","console.log(newActionClassifier.classify('please repeat again'))",""],"l":{"1":1,"2":1,"3":1,"44":1,"48":1,"49":1,"50":1,"51":1,"53":1,"54":1,"55":1,"57":1,"58":1,"59":1,"60":1}}}